<?xml version="1.0" encoding="UTF-8"?>
<!-- Generated by org.testng.reporters.JUnitReportReporter -->
<testsuite hostname="DESKTOP-T1QKRRO" failures="0" tests="1" name="com.crm.autodesk.seperattestscriptassg.CreatePurchaseorderwithItemandDeleteTest" time="49.119" errors="0" timestamp="2021-05-07T19:11:11 IST" skipped="0">
  <testcase classname="com.crm.autodesk.seperattestscriptassg.CreatePurchaseorderwithItemandDeleteTest" name="CreatePurchaseorderwithItemandDelete" time="49.119"/>
  <system-out/>
</testsuite> <!-- com.crm.autodesk.seperattestscriptassg.CreatePurchaseorderwithItemandDeleteTest -->
